#
# There is insufficient memory for the Java Runtime Environment to continue.
# Native memory allocation (mmap) failed to map 268435456 bytes. Error detail: G1 virtual space
# Possible reasons:
#   The system is out of physical RAM or swap space
#   This process is running with CompressedOops enabled, and the Java Heap may be blocking the growth of the native heap
# Possible solutions:
#   Reduce memory load on the system
#   Increase physical memory or swap space
#   Check if swap backing store is full
#   Decrease Java heap size (-Xmx/-Xms)
#   Decrease number of Java threads
#   Decrease Java thread stack sizes (-Xss)
#   Set larger code cache with -XX:ReservedCodeCacheSize=
#   JVM is running with Zero Based Compressed Oops mode in which the Java heap is
#     placed in the first 32GB address space. The Java Heap base address is the
#     maximum limit for the native heap growth. Please use -XX:HeapBaseMinAddress
#     to set the Java Heap base and to place the Java Heap above 32GB virtual address.
# This output file may be truncated or incomplete.
#
#  Out of Memory Error (os_windows.cpp:3616), pid=60216, tid=37568
#
# JRE version:  (21.0.5+11) (build )
# Java VM: OpenJDK 64-Bit Server VM (21.0.5+11-LTS, mixed mode, sharing, tiered, compressed oops, compressed class ptrs, g1 gc, windows-amd64)
# No core dump will be written. Minidumps are not enabled by default on client versions of Windows
#

---------------  S U M M A R Y ------------

Command Line: -Dfile.encoding=UTF-8 -Dstdout.encoding=UTF-8 -Dstderr.encoding=UTF-8 --module-path=C:\Users\Iñigo\eclipse-workspace\IEM_2\bin;C:\Users\Iñigo\.p2\pool\plugins\junit-jupiter-api_5.11.0.jar;C:\Users\Iñigo\.p2\pool\plugins\junit-jupiter-engine_5.11.0.jar;C:\Users\Iñigo\.p2\pool\plugins\junit-jupiter-migrationsupport_5.11.0.jar;C:\Users\Iñigo\.p2\pool\plugins\junit-jupiter-params_5.11.0.jar;C:\Users\Iñigo\.p2\pool\plugins\junit-platform-commons_1.11.0.jar;C:\Users\Iñigo\.p2\pool\plugins\junit-platform-engine_1.11.0.jar;C:\Users\Iñigo\.p2\pool\plugins\junit-platform-launcher_1.11.0.jar;C:\Users\Iñigo\.p2\pool\plugins\junit-platform-runner_1.11.0.jar;C:\Users\Iñigo\.p2\pool\plugins\junit-platform-suite-api_1.11.0.jar;C:\Users\Iñigo\.p2\pool\plugins\junit-platform-suite-engine_1.11.0.jar;C:\Users\Iñigo\.p2\pool\plugins\junit-platform-suite-commons_1.11.0.jar;C:\Users\Iñigo\.p2\pool\plugins\junit-vintage-engine_5.11.0.jar;C:\Users\Iñigo\.p2\pool\plugins\org.opentest4j_1.3.0.jar;C:\Users\Iñigo\.p2\pool\plugins\org.apiguardian.api_1.1.2.jar;C:\Users\Iñigo\.p2\pool\plugins\org.junit_4.13.2.v20230809-1000.jar;C:\Users\Iñigo\.p2\pool\plugins\org.hamcrest_3.0.0.jar;C:\Users\Iñigo\.p2\pool\plugins\org.hamcrest.core_2.2.0.v20230809-1000.jar -XX:+ShowCodeDetailsInExceptionMessages -Djdk.module.main=IEM_2 IEM_2/ejercicio_sobrecarga3.Main

Host: Intel(R) Core(TM) i7-6700 CPU @ 3.40GHz, 8 cores, 15G,  Windows 10 , 64 bit Build 19041 (10.0.19041.5198)
Time: Tue Jan 14 19:05:25 2025 Hora estándar romance elapsed time: 0.012025 seconds (0d 0h 0m 0s)

---------------  T H R E A D  ---------------

Current thread (0x000001477b2652a0):  JavaThread "Unknown thread" [_thread_in_vm, id=37568, stack(0x0000003d83a00000,0x0000003d83b00000) (1024K)]

Stack: [0x0000003d83a00000,0x0000003d83b00000]
Native frames: (J=compiled Java code, j=interpreted, Vv=VM code, C=native code)
V  [jvm.dll+0x6cd4e9]
V  [jvm.dll+0x8a7941]
V  [jvm.dll+0x8a9e6e]
V  [jvm.dll+0x8aa543]
V  [jvm.dll+0x27f6d6]
V  [jvm.dll+0x6c9c25]
V  [jvm.dll+0x6be84a]
V  [jvm.dll+0x355c6a]
V  [jvm.dll+0x35d836]
V  [jvm.dll+0x3af40e]
V  [jvm.dll+0x3af6b8]
V  [jvm.dll+0x329dfc]
V  [jvm.dll+0x32a95b]
V  [jvm.dll+0x870ba9]
V  [jvm.dll+0x3bc1e1]
V  [jvm.dll+0x859cd3]
V  [jvm.dll+0x4504ee]
V  [jvm.dll+0x452131]
C  [jli.dll+0x5278]
C  [ucrtbase.dll+0x21bb2]
C  [KERNEL32.DLL+0x17374]
C  [ntdll.dll+0x4cc91]


---------------  P R O C E S S  ---------------

Threads class SMR info:
_java_thread_list=0x00007fff39c190c8, length=0, elements={
}

Java Threads: ( => current thread )
Total: 0

Other Threads:
  0x000001477d4c5d00 WorkerThread "GC Thread#0"                     [id=68828, stack(0x0000003d83b00000,0x0000003d83c00000) (1024K)]
  0x000001477d4d74b0 ConcurrentGCThread "G1 Main Marker"            [id=44632, stack(0x0000003d83c00000,0x0000003d83d00000) (1024K)]
  0x000001477d4d7fb0 WorkerThread "G1 Conc#0"                       [id=5360, stack(0x0000003d83d00000,0x0000003d83e00000) (1024K)]

[error occurred during error reporting (printing all threads), id 0xc0000005, EXCEPTION_ACCESS_VIOLATION (0xc0000005) at pc=0x00007fff3931c727]
VM state: not at safepoint (not fully initialized)

VM Mutex/Monitor currently owned by a thread:  ([mutex/lock_event])
[0x00007fff39c8d480] Heap_lock - owner thread: 0x000001477b2652a0

Heap address: 0x0000000701800000, size: 4072 MB, Compressed Oops mode: Zero based, Oop shift amount: 3

CDS archive(s) mapped at: [0x0000000000000000-0x0000000000000000-0x0000000000000000), size 0, SharedBaseAddress: 0x0000000800000000, ArchiveRelocationMode: 1.
Narrow klass base: 0x0000000000000000, Narrow klass shift: 0, Narrow klass range: 0x0

GC Precious Log:
 CardTable entry size: 512
 Card Set container configuration: InlinePtr #cards 4 size 8 Array Of Cards #cards 16 size 48 Howl #buckets 8 coarsen threshold 3686 Howl Bitmap #cards 512 size 80 coarsen threshold 460 Card regions per heap region 1 cards per card region 4096

Heap:
 garbage-first heap   total 0K, used 0K [0x0000000701800000, 0x0000000800000000)
  region size 2048K, 0 young (0K), 0 survivors (0K)

[error occurred during error reporting (printing heap information), id 0xc0000005, EXCEPTION_ACCESS_VIOLATION (0xc0000005) at pc=0x00007fff39706f49]
GC Heap History (0 events):
No events

Dll operation events (1 events):
Event: 0.008 Loaded shared library C:\Users\Iñigo\.p2\pool\plugins\org.eclipse.justj.openjdk.hotspot.jre.full.win32.x86_64_21.0.5.v20241023-1957\jre\bin\java.dll

Deoptimization events (0 events):
No events

Classes loaded (0 events):
No events

Classes unloaded (0 events):
No events

Classes redefined (0 events):
No events

Internal exceptions (0 events):
No events

ZGC Phase Switch (0 events):
No events

VM Operations (0 events):
No events

Memory protections (0 events):
No events

Nmethod flushes (0 events):
No events

Events (0 events):
No events


Dynamic libraries:
0x00007ff6d39b0000 - 0x00007ff6d39be000 	C:\Users\Iñigo\.p2\pool\plugins\org.eclipse.justj.openjdk.hotspot.jre.full.win32.x86_64_21.0.5.v20241023-1957\jre\bin\javaw.exe
0x00007fff7d330000 - 0x00007fff7d528000 	C:\WINDOWS\SYSTEM32\ntdll.dll
0x00007fff7c450000 - 0x00007fff7c512000 	C:\WINDOWS\System32\KERNEL32.DLL
0x00007fff7b000000 - 0x00007fff7b2fe000 	C:\WINDOWS\System32\KERNELBASE.dll
0x00007fff7aa00000 - 0x00007fff7ab00000 	C:\WINDOWS\System32\ucrtbase.dll
0x00007fff71ab0000 - 0x00007fff71ac8000 	C:\Users\Iñigo\.p2\pool\plugins\org.eclipse.justj.openjdk.hotspot.jre.full.win32.x86_64_21.0.5.v20241023-1957\jre\bin\jli.dll
0x00007fff71c80000 - 0x00007fff71c9e000 	C:\Users\Iñigo\.p2\pool\plugins\org.eclipse.justj.openjdk.hotspot.jre.full.win32.x86_64_21.0.5.v20241023-1957\jre\bin\VCRUNTIME140.dll
0x00007fff7c910000 - 0x00007fff7caad000 	C:\WINDOWS\System32\USER32.dll
0x00007fff7a9d0000 - 0x00007fff7a9f2000 	C:\WINDOWS\System32\win32u.dll
0x00007fff664d0000 - 0x00007fff6676a000 	C:\WINDOWS\WinSxS\amd64_microsoft.windows.common-controls_6595b64144ccf1df_6.0.19041.4355_none_60b8b9eb71f62e16\COMCTL32.dll
0x00007fff7cab0000 - 0x00007fff7cadb000 	C:\WINDOWS\System32\GDI32.dll
0x00007fff7b470000 - 0x00007fff7b50e000 	C:\WINDOWS\System32\msvcrt.dll
0x00007fff7ad90000 - 0x00007fff7aea7000 	C:\WINDOWS\System32\gdi32full.dll
0x00007fff7aeb0000 - 0x00007fff7af4d000 	C:\WINDOWS\System32\msvcp_win.dll
0x00007fff7cc10000 - 0x00007fff7cc3f000 	C:\WINDOWS\System32\IMM32.DLL
0x00007fff72f40000 - 0x00007fff72f4c000 	C:\Users\Iñigo\.p2\pool\plugins\org.eclipse.justj.openjdk.hotspot.jre.full.win32.x86_64_21.0.5.v20241023-1957\jre\bin\vcruntime140_1.dll
0x00007fff65240000 - 0x00007fff652cd000 	C:\Users\Iñigo\.p2\pool\plugins\org.eclipse.justj.openjdk.hotspot.jre.full.win32.x86_64_21.0.5.v20241023-1957\jre\bin\msvcp140.dll
0x00007fff38fe0000 - 0x00007fff39d6f000 	C:\Users\Iñigo\.p2\pool\plugins\org.eclipse.justj.openjdk.hotspot.jre.full.win32.x86_64_21.0.5.v20241023-1957\jre\bin\server\jvm.dll
0x00007fff7c850000 - 0x00007fff7c901000 	C:\WINDOWS\System32\ADVAPI32.dll
0x00007fff7c7b0000 - 0x00007fff7c84f000 	C:\WINDOWS\System32\sechost.dll
0x00007fff7cae0000 - 0x00007fff7cc03000 	C:\WINDOWS\System32\RPCRT4.dll
0x00007fff7acf0000 - 0x00007fff7ad17000 	C:\WINDOWS\System32\bcrypt.dll
0x00007fff7c6d0000 - 0x00007fff7c73b000 	C:\WINDOWS\System32\WS2_32.dll
0x00007fff79f60000 - 0x00007fff79fab000 	C:\WINDOWS\SYSTEM32\POWRPROF.dll
0x00007fff677b0000 - 0x00007fff677d7000 	C:\WINDOWS\SYSTEM32\WINMM.dll
0x00007fff72e60000 - 0x00007fff72e6a000 	C:\WINDOWS\SYSTEM32\VERSION.dll
0x00007fff79dd0000 - 0x00007fff79de2000 	C:\WINDOWS\SYSTEM32\UMPDC.dll
0x00007fff78870000 - 0x00007fff78882000 	C:\WINDOWS\SYSTEM32\kernel.appcore.dll
0x00007fff78000000 - 0x00007fff7800a000 	C:\Users\Iñigo\.p2\pool\plugins\org.eclipse.justj.openjdk.hotspot.jre.full.win32.x86_64_21.0.5.v20241023-1957\jre\bin\jimage.dll
0x00007fff724b0000 - 0x00007fff72694000 	C:\WINDOWS\SYSTEM32\DBGHELP.DLL
0x00007fff72330000 - 0x00007fff72364000 	C:\WINDOWS\SYSTEM32\dbgcore.DLL
0x00007fff7ac60000 - 0x00007fff7ace2000 	C:\WINDOWS\System32\bcryptPrimitives.dll
0x00007fff77fe0000 - 0x00007fff77fff000 	C:\Users\Iñigo\.p2\pool\plugins\org.eclipse.justj.openjdk.hotspot.jre.full.win32.x86_64_21.0.5.v20241023-1957\jre\bin\java.dll

dbghelp: loaded successfully - version: 4.0.5 - missing functions: none
symbol engine: initialized successfully - sym options: 0x614 - pdb path: .;C:\Users\Iñigo\.p2\pool\plugins\org.eclipse.justj.openjdk.hotspot.jre.full.win32.x86_64_21.0.5.v20241023-1957\jre\bin;C:\WINDOWS\SYSTEM32;C:\WINDOWS\WinSxS\amd64_microsoft.windows.common-controls_6595b64144ccf1df_6.0.19041.4355_none_60b8b9eb71f62e16;C:\Users\Iñigo\.p2\pool\plugins\org.eclipse.justj.openjdk.hotspot.jre.full.win32.x86_64_21.0.5.v20241023-1957\jre\bin\server

VM Arguments:
jvm_args: -Dfile.encoding=UTF-8 -Dstdout.encoding=UTF-8 -Dstderr.encoding=UTF-8 --module-path=C:\Users\Iñigo\eclipse-workspace\IEM_2\bin;C:\Users\Iñigo\.p2\pool\plugins\junit-jupiter-api_5.11.0.jar;C:\Users\Iñigo\.p2\pool\plugins\junit-jupiter-engine_5.11.0.jar;C:\Users\Iñigo\.p2\pool\plugins\junit-jupiter-migrationsupport_5.11.0.jar;C:\Users\Iñigo\.p2\pool\plugins\junit-jupiter-params_5.11.0.jar;C:\Users\Iñigo\.p2\pool\plugins\junit-platform-commons_1.11.0.jar;C:\Users\Iñigo\.p2\pool\plugins\junit-platform-engine_1.11.0.jar;C:\Users\Iñigo\.p2\pool\plugins\junit-platform-launcher_1.11.0.jar;C:\Users\Iñigo\.p2\pool\plugins\junit-platform-runner_1.11.0.jar;C:\Users\Iñigo\.p2\pool\plugins\junit-platform-suite-api_1.11.0.jar;C:\Users\Iñigo\.p2\pool\plugins\junit-platform-suite-engine_1.11.0.jar;C:\Users\Iñigo\.p2\pool\plugins\junit-platform-suite-commons_1.11.0.jar;C:\Users\Iñigo\.p2\pool\plugins\junit-vintage-engine_5.11.0.jar;C:\Users\Iñigo\.p2\pool\plugins\org.opentest4j_1.3.0.jar;C:\Users\Iñigo\.p2\pool\plugins\org.apiguardian.api_1.1.2.jar;C:\Users\Iñigo\.p2\pool\plugins\org.junit_4.13.2.v20230809-1000.jar;C:\Users\Iñigo\.p2\pool\plugins\org.hamcrest_3.0.0.jar;C:\Users\Iñigo\.p2\pool\plugins\org.hamcrest.core_2.2.0.v20230809-1000.jar -XX:+ShowCodeDetailsInExceptionMessages -Djdk.module.main=IEM_2 
java_command: IEM_2/ejercicio_sobrecarga3.Main
java_class_path (initial): <not set>
Launcher Type: SUN_STANDARD

[Global flags]
     intx CICompilerCount                          = 4                                         {product} {ergonomic}
     uint ConcGCThreads                            = 2                                         {product} {ergonomic}
     uint G1ConcRefinementThreads                  = 8                                         {product} {ergonomic}
   size_t G1HeapRegionSize                         = 2097152                                   {product} {ergonomic}
    uintx GCDrainStackTargetSize                   = 64                                        {product} {ergonomic}
   size_t InitialHeapSize                          = 268435456                                 {product} {ergonomic}
   size_t MarkStackSize                            = 4194304                                   {product} {ergonomic}
   size_t MaxHeapSize                              = 4269801472                                {product} {ergonomic}
   size_t MinHeapDeltaBytes                        = 2097152                                   {product} {ergonomic}
   size_t MinHeapSize                              = 8388608                                   {product} {ergonomic}
    uintx NonNMethodCodeHeapSize                   = 5839372                                {pd product} {ergonomic}
    uintx NonProfiledCodeHeapSize                  = 122909434                              {pd product} {ergonomic}
    uintx ProfiledCodeHeapSize                     = 122909434                              {pd product} {ergonomic}
    uintx ReservedCodeCacheSize                    = 251658240                              {pd product} {ergonomic}
     bool SegmentedCodeCache                       = true                                      {product} {ergonomic}
     bool ShowCodeDetailsInExceptionMessages       = true                                   {manageable} {command line}
   size_t SoftMaxHeapSize                          = 4269801472                             {manageable} {ergonomic}
     bool UseCompressedOops                        = true                           {product lp64_product} {ergonomic}
     bool UseG1GC                                  = true                                      {product} {ergonomic}
     bool UseLargePagesIndividualAllocation        = false                                  {pd product} {ergonomic}

Logging:
Log output configuration:
 #0: stdout all=warning uptime,level,tags foldmultilines=false
 #1: stderr all=off uptime,level,tags foldmultilines=false

Environment Variables:
PATH=C:/Users/Iñigo/.p2/pool/plugins/org.eclipse.justj.openjdk.hotspot.jre.full.win32.x86_64_21.0.5.v20241023-1957/jre/bin/server;C:/Users/Iñigo/.p2/pool/plugins/org.eclipse.justj.openjdk.hotspot.jre.full.win32.x86_64_21.0.5.v20241023-1957/jre/bin;C:\Program Files\Common Files\Oracle\Java\javapath;C:\Program Files (x86)\Common Files\Oracle\Java\java8path;C:\Program Files (x86)\Common Files\Oracle\Java\javapath;C:\Program Files (x86)\Razer Chroma SDK\bin;C:\Program Files\Razer Chroma SDK\bin;C:\Program Files (x86)\Razer\ChromaBroadcast\bin;C:\Program Files\Razer\ChromaBroadcast\bin;C:\Program Files\Intel\iCLS Client\;C:\Windows\system32;C:\Windows;C:\Windows\System32\Wbem;C:\Windows\System32\WindowsPowerShell\v1.0\;C:\Program Files (x86)\NVIDIA Corporation\PhysX\Common;C:\WINDOWS\system32;C:\WINDOWS;C:\WINDOWS\System32\Wbem;C:\WINDOWS\System32\WindowsPowerShell\v1.0\;C:\WINDOWS\System32\OpenSSH\;C:\WINDOWS\system32\config\systemprofile\AppData\Local\Microsoft\WindowsApps;C:\Program Files\Intel\WiFi\bin\;C:\Program Files\Common Files\Intel\WirelessCommon\;C:\Program Files\NVIDIA Corporation\NVIDIA NvDLISR;C:\Program Files (x86)\Intel\Intel(R) Management Engine Components\DAL;C:\Program Files\Intel\Intel(R) Management Engine Components\DAL;C:\Program Files\Java;C:\WINDOWS\system32;C:\WINDOWS;C:\WINDOWS\System32\Wbem;C:\WINDOWS\System32\WindowsPowerShell\v1.0\;C:\WINDOWS\System32\OpenSSH\;C:\Program Files\Git\cmd;C:\Users\Iñigo\AppData\Local\Programs\Python\Python311\Scripts\;C:\Users\Iñigo\AppData\Local\Programs\Python\Python311\;C:\Users\Iñigo\AppData\Local\Microsoft\WindowsApps;C:\Users\Iñigo\AppData\Local\Programs\Microsoft VS Code\bin;C:\Users\Iñigo\AppData\Local\GitHubDesktop\bin;C:\Users\Iñigo\Desktop;
USERNAME=Inigo
OS=Windows_NT
PROCESSOR_IDENTIFIER=Intel64 Family 6 Model 94 Stepping 3, GenuineIntel
TMP=C:\Users\IIGO~2\AppData\Local\Temp
TEMP=C:\Users\IIGO~2\AppData\Local\Temp




Periodic native trim disabled

---------------  S Y S T E M  ---------------

OS:
 Windows 10 , 64 bit Build 19041 (10.0.19041.5198)
OS uptime: 33 days 21:31 hours

CPU: total 8 (initial active 8) (4 cores per cpu, 2 threads per core) family 6 model 94 stepping 3 microcode 0xdc, cx8, cmov, fxsr, ht, mmx, 3dnowpref, sse, sse2, sse3, ssse3, sse4.1, sse4.2, popcnt, lzcnt, tsc, tscinvbit, avx, avx2, aes, erms, clmul, bmi1, bmi2, rtm, adx, fma, vzeroupper, clflush, clflushopt, rdtscp, f16c
Processor Information for all 8 processors :
  Max Mhz: 3401, Current Mhz: 3401, Mhz Limit: 3401

Memory: 4k page, system-wide physical 16286M (514M free)
TotalPageFile size 44896M (AvailPageFile size 243M)
current process WorkingSet (physical memory assigned to process): 10M, peak: 10M
current process commit charge ("private bytes"): 60M, peak: 316M

vm_info: OpenJDK 64-Bit Server VM (21.0.5+11-LTS) for windows-amd64 JRE (21.0.5+11-LTS), built on 2024-10-15T00:00:00Z by "admin" with MS VC++ 17.7 (VS2022)

END.
